<?xml version="1.0" encoding="UTF-8"?>
<!-- Generated by org.testng.reporters.JUnitReportReporter -->
<testsuite hostname="DESKTOP-B65G34H" failures="0" tests="1" name="testpkg.Fblogintest" time="16.009" errors="0" timestamp="2023-06-23T11:46:57 IST" skipped="0">
  <testcase classname="testpkg.Fblogintest" name="fbtest" time="16.009"/>
  <system-out/>
</testsuite> <!-- testpkg.Fblogintest -->
