<?xml version="1.0" encoding="UTF-8"?>
<!-- Generated by org.testng.reporters.JUnitReportReporter -->
<testsuite hostname="DESKTOP-B65G34H" failures="0" tests="1" name="testpkg.Vrlbusoncontst" time="13.123" errors="0" timestamp="2023-06-27T10:26:34 IST" skipped="0">
  <testcase classname="testpkg.Vrlbusoncontst" name="test1" time="13.123"/>
  <system-out/>
</testsuite> <!-- testpkg.Vrlbusoncontst -->
