<?xml version="1.0" encoding="UTF-8"?>
<!-- Generated by org.testng.reporters.JUnitReportReporter -->
<testsuite hostname="DESKTOP-B65G34H" failures="0" tests="1" name="testpkg.Test1" time="7.995" errors="0" timestamp="2023-06-21T15:35:27 IST" skipped="0">
  <testcase classname="testpkg.Test1" name="setup" time="7.995"/>
  <system-out/>
</testsuite> <!-- testpkg.Test1 -->
