<?xml version="1.0" encoding="UTF-8"?>
<!-- Generated by org.testng.reporters.JUnitReportReporter -->
<testsuite hostname="DESKTOP-B65G34H" failures="0" tests="1" name="testpkg.Expediatst" time="14.680" errors="0" timestamp="2023-06-30T13:12:55 IST" skipped="0">
  <testcase classname="testpkg.Expediatst" name="test1" time="14.680"/>
</testsuite> <!-- testpkg.Expediatst -->
