<?xml version="1.0" encoding="UTF-8"?>
<!-- Generated by org.testng.reporters.JUnitReportReporter -->
<testsuite hostname="DESKTOP-B65G34H" failures="0" tests="1" name="test1.Bookdetailtst" time="17.083" errors="0" timestamp="2023-06-30T17:42:56 IST" skipped="0">
  <testcase classname="test1.Bookdetailtst" name="testbkdetail" time="17.083"/>
</testsuite> <!-- test1.Bookdetailtst -->
