<?xml version="1.0" encoding="UTF-8"?>
<!-- Generated by org.testng.reporters.JUnitReportReporter -->
<testsuite hostname="DESKTOP-B65G34H" failures="0" tests="1" name="testpkg.Amazontst" time="38.641" errors="0" timestamp="2023-06-27T16:17:49 IST" skipped="0">
  <testcase classname="testpkg.Amazontst" name="test1" time="38.641"/>
  <system-out/>
</testsuite> <!-- testpkg.Amazontst -->
