<?xml version="1.0" encoding="UTF-8"?>
<!-- Generated by org.testng.reporters.JUnitReportReporter -->
<testsuite hostname="DESKTOP-B65G34H" failures="0" tests="1" name="testpkg.Redbuscls" time="6.819" errors="0" timestamp="2023-06-27T19:18:12 IST" skipped="0">
  <testcase classname="testpkg.Redbuscls" name="test1" time="6.819"/>
  <system-out/>
</testsuite> <!-- testpkg.Redbuscls -->
