<?xml version="1.0" encoding="UTF-8"?>
<!-- Generated by org.testng.reporters.JUnitReportReporter -->
<testsuite hostname="DESKTOP-B65G34H" failures="0" tests="1" name="test1.Wishtst" time="11.776" errors="0" timestamp="2023-06-30T17:44:17 IST" skipped="0">
  <testcase classname="test1.Wishtst" name="testwish" time="11.776"/>
</testsuite> <!-- test1.Wishtst -->
