<?xml version="1.0" encoding="UTF-8"?>
<!-- Generated by org.testng.reporters.JUnitReportReporter -->
<testsuite hostname="DESKTOP-B65G34H" failures="0" tests="1" name="testpkg.Vrltest" time="6.967" errors="0" timestamp="2023-06-27T10:25:58 IST" skipped="0">
  <testcase classname="testpkg.Vrltest" name="setup" time="6.967"/>
  <system-out/>
</testsuite> <!-- testpkg.Vrltest -->
